<?xml version="1.0" encoding="UTF-8"?>
<!-- Generated by org.testng.reporters.JUnitXMLReporter -->
<testsuite hostname="jarvis" ignored="0" name="Default test" tests="4" failures="0" timestamp="22 Dec 2020 09:30:14 GMT" time="0.038" errors="0">
  <testcase name="registerUser" time="0.009" classname="testngdemo.TestNGDemo_04"/>
  <testcase name="loginUser" time="0.001" classname="testngdemo.TestNGDemo_04"/>
  <testcase name="loginUser" time="0.001" classname="testngdemo.TestNGDemo_04"/>
  <testcase name="deleteUser" time="0.002" classname="testngdemo.TestNGDemo_04"/>
</testsuite> <!-- Default test -->
