<?xml version="1.0" encoding="UTF-8"?>
<!-- Generated by org.testng.reporters.JUnitXMLReporter -->
<testsuite hostname="jarvis" ignored="0" name="Default test" tests="3" failures="0" timestamp="21 Dec 2020 12:23:57 GMT" time="0.035" errors="0">
  <testcase name="test01" time="0.01" classname="testngdemo.TestNGDemo_02"/>
  <testcase name="test03" time="0.002" classname="testngdemo.TestNGDemo_02"/>
  <testcase name="test02" time="0.002" classname="testngdemo.TestNGDemo_02"/>
</testsuite> <!-- Default test -->
