<?xml version="1.0" encoding="UTF-8"?>
<!-- Generated by org.testng.reporters.JUnitXMLReporter -->
<testsuite hostname="jarvis" ignored="0" name="Test" tests="13" failures="1" timestamp="22 Dec 2020 09:51:09 GMT" time="0.057" errors="0">
  <testcase name="pest001" time="0.007" classname="testngdemo.TestNGDemo_01"/>
  <testcase name="qest001" time="0.001" classname="testngdemo.TestNGDemo_01"/>
  <testcase name="test001" time="0.001" classname="testngdemo.TestNGDemo_01"/>
  <testcase name="test01" time="0.0" classname="testngdemo.TestNGDemo_02"/>
  <testcase name="registerUser" time="0.001" classname="testngdemo.TestNGDemo_03">
    <failure type="java.lang.AssertionError" message="null">
      <![CDATA[java.lang.AssertionError: null
	at testngdemo.TestNGDemo_03.registerUser(TestNGDemo_03.java:10)
... Removed 27 stack frames]]>
    </failure>
  </testcase> <!-- registerUser -->
  <testcase name="registerUser" time="0.001" classname="testngdemo.TestNGDemo_04"/>
  <testcase name="test03" time="0.001" classname="testngdemo.TestNGDemo_02"/>
  <testcase name="loginUser" time="0.001" classname="testngdemo.TestNGDemo_03"/>
  <testcase name="loginUser" time="0.001" classname="testngdemo.TestNGDemo_04"/>
  <testcase name="loginUser" time="0.001" classname="testngdemo.TestNGDemo_04"/>
  <testcase name="test02" time="0.001" classname="testngdemo.TestNGDemo_02"/>
  <testcase name="deleteUser" time="0.001" classname="testngdemo.TestNGDemo_03"/>
  <testcase name="deleteUser" time="0.001" classname="testngdemo.TestNGDemo_04"/>
</testsuite> <!-- Test -->
