<?xml version="1.0" encoding="UTF-8"?>
<testng-results skipped="0" failed="0" ignored="0" total="1" passed="1">
  <reporter-output>
  </reporter-output>
  <suite name="Default suite" duration-ms="409" started-at="2020-12-29T10:32:20Z" finished-at="2020-12-29T10:32:21Z">
    <groups>
    </groups>
    <test name="Default test" duration-ms="409" started-at="2020-12-29T10:32:20Z" finished-at="2020-12-29T10:32:21Z">
      <class name="excelHandling.ReadingAllOddDataFromExcelFile">
        <test-method status="PASS" signature="readExcelFile()[pri:0, instance:excelHandling.ReadingAllOddDataFromExcelFile@1a968a59]" name="readExcelFile" duration-ms="395" started-at="2020-12-29T16:02:21Z" finished-at="2020-12-29T16:02:21Z">
          <reporter-output>
          </reporter-output>
        </test-method> <!-- readExcelFile -->
      </class> <!-- excelHandling.ReadingAllOddDataFromExcelFile -->
    </test> <!-- Default test -->
  </suite> <!-- Default suite -->
</testng-results>
