<?xml version="1.0" encoding="UTF-8"?>
<testng-results skipped="0" failed="0" ignored="0" total="1" passed="1">
  <reporter-output>
    <line>
      <![CDATA[Before Soft Assert Object]]>
    </line>
    <line>
      <![CDATA[After Soft Assert Object]]>
    </line>
    <line>
      <![CDATA[After Soft Assert Fail]]>
    </line>
  </reporter-output>
  <suite name="Default suite" duration-ms="32" started-at="2020-12-24T10:25:56Z" finished-at="2020-12-24T10:25:57Z">
    <groups>
    </groups>
    <test name="Default test" duration-ms="32" started-at="2020-12-24T10:25:56Z" finished-at="2020-12-24T10:25:57Z">
      <class name="testngdemo.SoftAssertClassDemo_02">
        <test-method status="PASS" signature="registerUser()[pri:0, instance:testngdemo.SoftAssertClassDemo_02@1bce4f0a]" name="registerUser" duration-ms="13" started-at="2020-12-24T15:55:57Z" finished-at="2020-12-24T15:55:57Z">
          <reporter-output>
            <line>
              <![CDATA[Before Soft Assert Object]]>
            </line>
            <line>
              <![CDATA[After Soft Assert Object]]>
            </line>
            <line>
              <![CDATA[After Soft Assert Fail]]>
            </line>
          </reporter-output>
        </test-method> <!-- registerUser -->
      </class> <!-- testngdemo.SoftAssertClassDemo_02 -->
    </test> <!-- Default test -->
  </suite> <!-- Default suite -->
</testng-results>
